[    0.000000] Initializing cgroup subsys cpuset
[    0.000000] Initializing cgroup subsys cpu
[    0.000000] Initializing cgroup subsys cpuacct
[    0.000000] Linux version 4.4.0-146-generic (buildd@lcy01-amd64-025) (gcc version 5.4.0 20160609 (Ubuntu 5.4.0-6ubuntu1~16.04.10) ) #172-Ubuntu SMP Wed Apr 3 09:00:08 UTC 2019 (Ubuntu 4.4.0-146.172-generic 4.4.177)
[    0.000000] Command line: BOOT_IMAGE=/boot/vmlinuz-4.4.0-146-generic root=LABEL=cloudimg-rootfs ro console=tty1 console=ttyS0
[    0.000000] KERNEL supported cpus:
[    0.000000]   Intel GenuineIntel
[    0.000000]   AMD AuthenticAMD
[    0.000000]   Centaur CentaurHauls
[    0.000000] x86/fpu: xstate_offset[2]:  576, xstate_sizes[2]:  256
[    0.000000] x86/fpu: Supporting XSAVE feature 0x01: 'x87 floating point registers'
[    0.000000] x86/fpu: Supporting XSAVE feature 0x02: 'SSE registers'
[    0.000000] x86/fpu: Supporting XSAVE feature 0x04: 'AVX registers'
[    0.000000] x86/fpu: Enabled xstate features 0x7, context size is 832 bytes, using 'standard' format.
[    0.000000] e820: BIOS-provided physical RAM map:
[    0.000000] BIOS-e820: [mem 0x0000000000000000-0x000000000009fbff] usable
[    0.000000] BIOS-e820: [mem 0x000000000009fc00-0x000000000009ffff] reserved
[    0.000000] BIOS-e820: [mem 0x00000000000f0000-0x00000000000fffff] reserved
[    0.000000] BIOS-e820: [mem 0x0000000000100000-0x000000003ffeffff] usable
[    0.000000] BIOS-e820: [mem 0x000000003fff0000-0x000000003fffffff] ACPI data
[    0.000000] BIOS-e820: [mem 0x00000000fec00000-0x00000000fec00fff] reserved
[    0.000000] BIOS-e820: [mem 0x00000000fee00000-0x00000000fee00fff] reserved
[    0.000000] BIOS-e820: [mem 0x00000000fffc0000-0x00000000ffffffff] reserved
[    0.000000] NX (Execute Disable) protection: active
[    0.000000] SMBIOS 2.5 present.
[    0.000000] Hypervisor detected: KVM
[    0.000000] e820: last_pfn = 0x3fff0 max_arch_pfn = 0x400000000
[    0.000000] MTRR: Disabled
[    0.000000] x86/PAT: MTRRs disabled, skipping PAT initialization too.
[    0.000000] CPU MTRRs all blank - virtualized system.
[    0.000000] x86/PAT: Configuration [0-7]: WB  WT  UC- UC  WB  WT  UC- UC  
[    0.000000] found SMP MP-table at [mem 0x0009fff0-0x0009ffff] mapped at [ffff88000009fff0]
[    0.000000] Scanning 1 areas for low memory corruption
[    0.000000] RAMDISK: [mem 0x362fa000-0x37174fff]
[    0.000000] ACPI: Early table checksum verification disabled
[    0.000000] ACPI: RSDP 0x00000000000E0000 000024 (v02 VBOX  )
[    0.000000] ACPI: XSDT 0x000000003FFF0030 00003C (v01 VBOX   VBOXXSDT 00000001 ASL  00000061)
[    0.000000] ACPI: FACP 0x000000003FFF00F0 0000F4 (v04 VBOX   VBOXFACP 00000001 ASL  00000061)
[    0.000000] ACPI: DSDT 0x000000003FFF0470 0022EA (v02 VBOX   VBOXBIOS 00000002 INTL 20100528)
[    0.000000] ACPI: FACS 0x000000003FFF0200 000040
[    0.000000] ACPI: FACS 0x000000003FFF0200 000040
[    0.000000] ACPI: APIC 0x000000003FFF0240 00005C (v02 VBOX   VBOXAPIC 00000001 ASL  00000061)
[    0.000000] ACPI: SSDT 0x000000003FFF02A0 0001CC (v01 VBOX   VBOXCPUT 00000002 INTL 20100528)
[    0.000000] No NUMA configuration found
[    0.000000] Faking a node at [mem 0x0000000000000000-0x000000003ffeffff]
[    0.000000] NODE_DATA(0) allocated [mem 0x3ffeb000-0x3ffeffff]
[    0.000000] kvm-clock: Using msrs 4b564d01 and 4b564d00
[    0.000000] kvm-clock: cpu 0, msr 0:3ffe3001, primary cpu clock
[    0.000000] kvm-clock: using sched offset of 4236284716 cycles
[    0.000000] clocksource: kvm-clock: mask: 0xffffffffffffffff max_cycles: 0x1cd42e4dffb, max_idle_ns: 881590591483 ns
[    0.000000] Zone ranges:
[    0.000000]   DMA      [mem 0x0000000000001000-0x0000000000ffffff]
[    0.000000]   DMA32    [mem 0x0000000001000000-0x000000003ffeffff]
[    0.000000]   Normal   empty
[    0.000000]   Device   empty
[    0.000000] Movable zone start for each node
[    0.000000] Early memory node ranges
[    0.000000]   node   0: [mem 0x0000000000001000-0x000000000009efff]
[    0.000000]   node   0: [mem 0x0000000000100000-0x000000003ffeffff]
[    0.000000] Initmem setup node 0 [mem 0x0000000000001000-0x000000003ffeffff]
[    0.000000] ACPI: PM-Timer IO Port: 0x4008
[    0.000000] IOAPIC[0]: apic_id 2, version 32, address 0xfec00000, GSI 0-23
[    0.000000] ACPI: INT_SRC_OVR (bus 0 bus_irq 0 global_irq 2 dfl dfl)
[    0.000000] ACPI: INT_SRC_OVR (bus 0 bus_irq 9 global_irq 9 low level)
[    0.000000] Using ACPI (MADT) for SMP configuration information
[    0.000000] smpboot: Allowing 2 CPUs, 0 hotplug CPUs
[    0.000000] PM: Registered nosave memory: [mem 0x00000000-0x00000fff]
[    0.000000] PM: Registered nosave memory: [mem 0x0009f000-0x0009ffff]
[    0.000000] PM: Registered nosave memory: [mem 0x000a0000-0x000effff]
[    0.000000] PM: Registered nosave memory: [mem 0x000f0000-0x000fffff]
[    0.000000] e820: [mem 0x40000000-0xfebfffff] available for PCI devices
[    0.000000] Booting paravirtualized kernel on KVM
[    0.000000] clocksource: refined-jiffies: mask: 0xffffffff max_cycles: 0xffffffff, max_idle_ns: 7645519600211568 ns
[    0.000000] setup_percpu: NR_CPUS:512 nr_cpumask_bits:512 nr_cpu_ids:2 nr_node_ids:1
[    0.000000] PERCPU: Embedded 34 pages/cpu @ffff88003fc00000 s99480 r8192 d31592 u1048576
[    0.000000] Built 1 zonelists in Node order, mobility grouping on.  Total pages: 257912
[    0.000000] Policy zone: DMA32
[    0.000000] Kernel command line: BOOT_IMAGE=/boot/vmlinuz-4.4.0-146-generic root=LABEL=cloudimg-rootfs ro console=tty1 console=ttyS0
[    0.000000] PID hash table entries: 4096 (order: 3, 32768 bytes)
[    0.000000] Memory: 997732K/1048120K available (8609K kernel code, 1334K rwdata, 4028K rodata, 1484K init, 1284K bss, 50388K reserved, 0K cma-reserved)
[    0.000000] SLUB: HWalign=64, Order=0-3, MinObjects=0, CPUs=2, Nodes=1
[    0.000000] Kernel/User page tables isolation: enabled
[    0.000000] Hierarchical RCU implementation.
[    0.000000] 	Build-time adjustment of leaf fanout to 64.
[    0.000000] 	RCU restricting CPUs from NR_CPUS=512 to nr_cpu_ids=2.
[    0.000000] RCU: Adjusting geometry for rcu_fanout_leaf=64, nr_cpu_ids=2
[    0.000000] NR_IRQS:33024 nr_irqs:440 16
[    0.000000] Console: colour VGA+ 80x25
[    0.000000] console [tty1] enabled
[    0.000000] console [ttyS0] enabled
[    0.000000] tsc: Detected 1599.999 MHz processor
[    0.211864] Calibrating delay loop (skipped) preset value.. 3199.99 BogoMIPS (lpj=6399996)
[    0.214366] pid_max: default: 32768 minimum: 301
[    0.215944] ACPI: Core revision 20150930
[    0.218065] ACPI: 2 ACPI AML tables successfully acquired and loaded
[    0.220258] Security Framework initialized
[    0.221548] Yama: becoming mindful.
[    0.222658] AppArmor: AppArmor initialized
[    0.224075] Dentry cache hash table entries: 131072 (order: 8, 1048576 bytes)
[    0.228167] Inode-cache hash table entries: 65536 (order: 7, 524288 bytes)
[    0.230497] Mount-cache hash table entries: 2048 (order: 2, 16384 bytes)
[    0.232347] Mountpoint-cache hash table entries: 2048 (order: 2, 16384 bytes)
[    0.234489] Initializing cgroup subsys io
[    0.235900] Initializing cgroup subsys memory
[    0.237203] Initializing cgroup subsys devices
[    0.238519] Initializing cgroup subsys freezer
[    0.239958] Initializing cgroup subsys net_cls
[    0.241362] Initializing cgroup subsys perf_event
[    0.242736] Initializing cgroup subsys net_prio
[    0.244493] Initializing cgroup subsys hugetlb
[    0.245810] Initializing cgroup subsys pids
[    0.248161] mce: CPU supports 0 MCE banks
[    0.250001] Last level iTLB entries: 4KB 64, 2MB 8, 4MB 8
[    0.251776] Last level dTLB entries: 4KB 64, 2MB 0, 4MB 0, 1GB 4
[    0.253641] Spectre V2 : Mitigation: Full generic retpoline
[    0.255448] Spectre V2 : Spectre v2 / SpectreRSB mitigation: Filling RSB on context switch
[    0.258697] Speculative Store Bypass: Vulnerable
[    0.263556] Freeing SMP alternatives memory: 36K
[    0.271645] ftrace: allocating 32287 entries in 127 pages
[    0.341115] smpboot: APIC(0) Converting physical 0 to logical package 0
[    0.343736] smpboot: Max logical packages: 1
[    0.345636] x2apic enabled
[    0.346864] Switched APIC routing to physical x2apic.
[    0.349778] ..TIMER: vector=0x30 apic1=0 pin1=2 apic2=-1 pin2=-1
[    0.459476] smpboot: CPU0: Intel(R) Core(TM) i5-5250U CPU @ 1.60GHz (family: 0x6, model: 0x3d, stepping: 0x4)
[    0.464992] Performance Events: unsupported p6 CPU model 61 no PMU driver, software events only.
[    0.519139] KVM setup paravirtual spinlock
[    0.529860] x86: Booting SMP configuration:
[    0.536621] .... node  #0, CPUs:      #1
[    0.546432] kvm-clock: cpu 1, msr 0:3ffe3041, secondary cpu clock
[    0.550834] mce: CPU supports 0 MCE banks
[    0.554981] x86: Booted up 1 node, 2 CPUs
[    0.559647] smpboot: Total of 2 processors activated (6399.99 BogoMIPS)
[    0.563655] devtmpfs: initialized
[    0.566152] evm: security.selinux
[    0.567230] evm: security.SMACK64
[    0.568490] evm: security.SMACK64EXEC
[    0.569747] evm: security.SMACK64TRANSMUTE
[    0.572925] evm: security.SMACK64MMAP
[    0.574347] evm: security.ima
[    0.575594] evm: security.capability
[    0.578227] clocksource: jiffies: mask: 0xffffffff max_cycles: 0xffffffff, max_idle_ns: 7645041785100000 ns
[    0.581731] futex hash table entries: 512 (order: 3, 32768 bytes)
[    0.584529] pinctrl core: initialized pinctrl subsystem
[    0.586244] RTC time: 17:18:19, date: 05/15/19
[    0.588450] NET: Registered protocol family 16
[    0.600160] cpuidle: using governor ladder
[    0.612403] cpuidle: using governor menu
[    0.614518] PCCT header not found.
[    0.616438] ACPI: bus type PCI registered
[    0.618146] acpiphp: ACPI Hot Plug PCI Controller Driver version: 0.5
[    0.620453] PCI: Using configuration type 1 for base access
[    0.637629] ACPI: Added _OSI(Module Device)
[    0.639860] ACPI: Added _OSI(Processor Device)
[    0.641882] ACPI: Added _OSI(3.0 _SCP Extensions)
[    0.643771] ACPI: Added _OSI(Processor Aggregator Device)
[    0.646312] ACPI: Executed 1 blocks of module-level executable AML code
[    0.650798] ACPI: Interpreter enabled
[    0.652037] ACPI: (supports S0 S5)
[    0.653109] ACPI: Using IOAPIC for interrupt routing
[    0.654691] PCI: Using host bridge windows from ACPI; if necessary, use "pci=nocrs" and report a bug
[    0.662606] ACPI: PCI Root Bridge [PCI0] (domain 0000 [bus 00-ff])
[    0.664461] acpi PNP0A03:00: _OSC: OS supports [ASPM ClockPM Segments MSI]
[    0.666751] acpi PNP0A03:00: _OSC: not requesting OS control; OS requires [ExtendedConfig ASPM ClockPM MSI]
[    0.669825] acpi PNP0A03:00: fail to add MMCONFIG information, can't access extended PCI configuration space under this bridge.
[    0.673795] PCI host bridge to bus 0000:00
[    0.675826] pci_bus 0000:00: root bus resource [io  0x0000-0x0cf7 window]
[    0.678575] pci_bus 0000:00: root bus resource [io  0x0d00-0xffff window]
[    0.681525] pci_bus 0000:00: root bus resource [mem 0x000a0000-0x000bffff window]
[    0.684693] pci_bus 0000:00: root bus resource [mem 0x40000000-0xfdffffff window]
[    0.686924] pci_bus 0000:00: root bus resource [bus 00-ff]
[    0.691755] pci 0000:00:01.1: legacy IDE quirk: reg 0x10: [io  0x01f0-0x01f7]
[    0.694703] pci 0000:00:01.1: legacy IDE quirk: reg 0x14: [io  0x03f6]
[    0.696722] pci 0000:00:01.1: legacy IDE quirk: reg 0x18: [io  0x0170-0x0177]
[    0.698761] pci 0000:00:01.1: legacy IDE quirk: reg 0x1c: [io  0x0376]
[    0.724721] pci 0000:00:07.0: quirk: [io  0x4000-0x403f] claimed by PIIX4 ACPI
[    0.726950] pci 0000:00:07.0: quirk: [io  0x4100-0x410f] claimed by PIIX4 SMB
[    0.755663] ACPI: PCI Interrupt Link [LNKA] (IRQs 5 9 10 *11)
[    0.758138] ACPI: PCI Interrupt Link [LNKB] (IRQs 5 9 *10 11)
[    0.760565] ACPI: PCI Interrupt Link [LNKC] (IRQs 5 *9 10 11)
[    0.763033] ACPI: PCI Interrupt Link [LNKD] (IRQs 5 9 10 *11)
[    0.765471] ACPI: Enabled 2 GPEs in block 00 to 07
[    0.767505] vgaarb: setting as boot device: PCI:0000:00:02.0
[    0.769167] vgaarb: device added: PCI:0000:00:02.0,decodes=io+mem,owns=io+mem,locks=none
[    0.771591] vgaarb: loaded
[    0.772553] vgaarb: bridge control possible 0000:00:02.0
[    0.774312] SCSI subsystem initialized
[    0.775715] ACPI: bus type USB registered
[    0.776980] usbcore: registered new interface driver usbfs
[    0.778612] usbcore: registered new interface driver hub
[    0.780327] usbcore: registered new device driver usb
[    0.782288] PCI: Using ACPI for IRQ routing
[    0.784132] NetLabel: Initializing
[    0.785414] NetLabel:  domain hash size = 128
[    0.786730] NetLabel:  protocols = UNLABELED CIPSOv4
[    0.790450] NetLabel:  unlabeled traffic allowed by default
[    0.792437] amd_nb: Cannot enumerate AMD northbridges
[    0.794478] clocksource: Switched to clocksource kvm-clock
[    0.805728] AppArmor: AppArmor Filesystem Enabled
[    0.807250] pnp: PnP ACPI init
[    0.809727] pnp: PnP ACPI: found 3 devices
[    0.823432] clocksource: acpi_pm: mask: 0xffffff max_cycles: 0xffffff, max_idle_ns: 2085701024 ns
[    0.826112] NET: Registered protocol family 2
[    0.827620] TCP established hash table entries: 8192 (order: 4, 65536 bytes)
[    0.829631] TCP bind hash table entries: 8192 (order: 5, 131072 bytes)
[    0.831502] TCP: Hash tables configured (established 8192 bind 8192)
[    0.833274] UDP hash table entries: 512 (order: 2, 16384 bytes)
[    0.834931] UDP-Lite hash table entries: 512 (order: 2, 16384 bytes)
[    0.836804] NET: Registered protocol family 1
[    0.838129] pci 0000:00:00.0: Limiting direct PCI/PCI transfers
[    0.840283] pci 0000:00:01.0: Activating ISA DMA hang workarounds
[    0.842697] Unpacking initramfs...
[    1.102804] Freeing initrd memory: 14828K
[    1.104246] RAPL PMU detected, API unit is 2^-32 Joules, 4 fixed counters 10737418240 ms ovfl timer
[    1.106825] hw unit of domain pp0-core 2^-0 Joules
[    1.108416] hw unit of domain package 2^-0 Joules
[    1.109869] hw unit of domain dram 2^-0 Joules
[    1.111229] hw unit of domain pp1-gpu 2^-0 Joules
[    1.112694] platform rtc_cmos: registered platform RTC device (no PNP device found)
[    1.115035] Scanning for low memory corruption every 60 seconds
[    1.117382] audit: initializing netlink subsys (disabled)
[    1.119226] audit: type=2000 audit(1557940705.292:1): initialized
[    1.121370] Initialise system trusted keyring
[    1.123084] HugeTLB registered 2 MB page size, pre-allocated 0 pages
[    1.126162] zbud: loaded
[    1.127684] VFS: Disk quotas dquot_6.6.0
[    1.129003] VFS: Dquot-cache hash table entries: 512 (order 0, 4096 bytes)
[    1.131315] squashfs: version 4.0 (2009/01/31) Phillip Lougher
[    1.133379] fuse init (API version 7.23)
[    1.134838] Key type big_key registered
[    1.136083] Allocating IMA MOK and blacklist keyrings.
[    1.140856] Key type asymmetric registered
[    1.142185] Asymmetric key parser 'x509' registered
[    1.143800] Block layer SCSI generic (bsg) driver version 0.4 loaded (major 249)
[    1.146300] io scheduler noop registered
[    1.147657] io scheduler deadline registered (default)
[    1.149295] io scheduler cfq registered
[    1.150658] pci_hotplug: PCI Hot Plug PCI Core version: 0.5
[    1.152423] pciehp: PCI Express Hot Plug Controller Driver version: 0.4
[    1.154837] ACPI: AC Adapter [AC] (off-line)
[    1.156274] input: Power Button as /devices/LNXSYSTM:00/LNXPWRBN:00/input/input0
[    1.158639] ACPI: Power Button [PWRF]
[    1.160027] input: Sleep Button as /devices/LNXSYSTM:00/LNXSLPBN:00/input/input1
[    1.162421] ACPI: Sleep Button [SLPF]
[    1.165256] ACPI: Battery Slot [BAT0] (battery present)
[    1.166912] GHES: HEST is not enabled!
[    1.168946] Serial: 8250/16550 driver, 32 ports, IRQ sharing enabled
[    1.191984] 00:02: ttyS0 at I/O 0x3f8 (irq = 4,base_baud = 115200) is a 16550A
[    1.197849] Linux agpgart interface v0.103
[    1.201991] loop: module loaded
[    1.204196] scsi host0: ata_piix
[    1.205517] scsi host1: ata_piix
[    1.206736] ata1: PATA max UDMA/33 cmd 0x1f0 ctl 0x3f6 bmdma 0xd000 irq 14
[    1.208597] ata2: PATA max UDMA/33 cmd 0x170 ctl 0x376 bmdma 0xd008 irq 15
[    1.210727] libphy: Fixed MDIO Bus: probed
[    1.212141] tun: Universal TUN/TAP device driver, 1.6
[    1.213793] tun: (C) 1999-2004 Max Krasnyansky <maxk@qualcomm.com>
[    1.215702] PPP generic driver version 2.4.2
[    1.217082] ehci_hcd: USB 2.0 'Enhanced' Host Controller (EHCI) Driver
[    1.219040] ehci-pci: EHCI PCI platform driver
[    1.220383] ehci-platform: EHCI generic platform driver
[    1.221941] ohci_hcd: USB 1.1 'Open' Host Controller (OHCI) Driver
[    1.223741] ohci-pci: OHCI PCI platform driver
[    1.225072] ohci-platform: OHCI generic platform driver
[    1.226590] uhci_hcd: USB Universal Host Controller Interface driver
[    1.228532] i8042: PNP: PS/2 Controller [PNP0303:PS2K,PNP0f03:PS2M] at 0x60,0x64 irq 1,12
[    1.231638] serio: i8042 KBD port at 0x60,0x64 irq 1
[    1.233144] serio: i8042 AUX port at 0x60,0x64 irq 12
[    1.234759] mousedev: PS/2 mouse device common for all mice
[    1.237149] rtc_cmos rtc_cmos: rtc core: registered rtc_cmos as rtc0
[    1.239128] rtc_cmos rtc_cmos: alarms up to one day, 114 bytes nvram
[    1.241011] i2c /dev entries driver
[    1.242179] input: AT Translated Set 2 keyboard as /devices/platform/i8042/serio0/input/input2
[    1.244957] device-mapper: uevent: version 1.0.3
[    1.246397] device-mapper: ioctl: 4.34.0-ioctl (2015-10-28) initialised: dm-devel@redhat.com
[    1.248988] ledtrig-cpu: registered to indicate activity on CPUs
[    1.251354] NET: Registered protocol family 10
[    1.252997] NET: Registered protocol family 17
[    1.254359] Key type dns_resolver registered
[    1.256049] registered taskstats version 1
[    1.257341] Loading compiled-in X.509 certificates
[    1.259568] Loaded X.509 cert 'Build time autogenerated kernel key: 4dcb2dc2c7cf43e0c20c44384f68683c20294489'
[    1.262416] zswap: loaded using pool lzo/zbud
[    1.266295] Key type trusted registered
[    1.272414] Key type encrypted registered
[    1.273710] AppArmor: AppArmor sha1 policy hashing enabled
[    1.275374] ima: No TPM chip found, activating TPM-bypass!
[    1.276951] ima: Allocated hash algorithm: sha1
[    1.278362] evm: HMAC attrs: 0x1
[    1.280185]   Magic number: 3:196:340
[    1.281484] rtc_cmos rtc_cmos: setting system clock to 2019-05-15 17:18:20 UTC (1557940700)
[    1.284255] BIOS EDD facility v0.16 2004-Jun-25, 0 devices found
[    1.285957] EDD information not available.
[    1.372250] Freeing unused kernel memory: 1484K
[    1.374239] Write protecting the kernel read-only data: 14336k
[    1.376952] Freeing unused kernel memory: 1620K
[    1.378674] Freeing unused kernel memory: 68K
Loading, please wait...
starting version 229
[    1.397003] random: systemd-udevd: uninitialized urandom read (16 bytes read, 3 bits of entropy available)
[    1.397713] random: udevadm: uninitialized urandom read (16 bytes read, 3 bits of entropy available)
[    1.397737] random: udevadm: uninitialized urandom read (16 bytes read, 3 bits of entropy available)
[    1.407306] random: systemd-udevd: uninitialized urandom read (16 bytes read, 3 bits of entropy available)
[    1.407483] random: udevadm: uninitialized urandom read (16 bytes read, 3 bits of entropy available)
[    1.407553] random: udevadm: uninitialized urandom read (16 bytes read, 3 bits of entropy available)
[    1.407786] random: udevadm: uninitialized urandom read (16 bytes read, 3 bits of entropy available)
[    1.407873] random: udevadm: uninitialized urandom read (16 bytes read, 3 bits of entropy available)
[    1.407965] random: udevadm: uninitialized urandom read (16 bytes read, 3 bits of entropy available)
[    1.408052] random: udevadm: uninitialized urandom read (16 bytes read, 3 bits of entropy available)
[    1.466294] e1000: Intel(R) PRO/1000 Network Driver - version 7.3.21-k8-NAPI
[    1.469371] e1000: Copyright (c) 1999-2006 Intel Corporation.
[    1.473483] Fusion MPT base driver 3.04.20
[    1.474785] Copyright (c) 1999-2008 LSI Corporation
[    1.506019] AVX2 version of gcm_enc/dec engaged.
[    1.507570] AES CTR mode by8 optimization enabled
[    1.527571] Fusion MPT SPI Host driver 3.04.20
[    1.690247] input: ImExPS/2 Generic Explorer Mouse as /devices/platform/i8042/serio1/input/input4
[    2.058390] e1000 0000:00:03.0 eth0: (PCI:33MHz:32-bit) 02:3a:f4:24:e2:72
[    2.061477] e1000 0000:00:03.0 eth0: Intel(R) PRO/1000 Network Connection
[    2.065092] mptbase: ioc0: Initiating bringup
[    2.110916] tsc: Refined TSC clocksource calibration: 1600.231 MHz
[    2.113790] clocksource: tsc: mask: 0xffffffffffffffff max_cycles: 0x1710ff2ca85, max_idle_ns: 440795207233 ns
[    2.131602] ioc0: LSI53C1030 A0: Capabilities={Initiator}
[    2.300273] scsi host2: ioc0: LSI53C1030 A0, FwRev=00000000h, Ports=1, MaxQ=256, IRQ=20
[    2.415569] scsi 2:0:0:0: Direct-Access     VBOX     HARDDISK         1.0  PQ: 0 ANSI: 5
[    2.421666] scsi target2:0:0: Beginning Domain Validation
[    2.427666] scsi target2:0:0: Domain Validation skipping write tests
[    2.429644] scsi target2:0:0: Ending Domain Validation
[    2.431485] scsi target2:0:0: asynchronous
[    2.433803] scsi 2:0:1:0: Direct-Access     VBOX     HARDDISK         1.0  PQ: 0 ANSI: 5
[    2.436843] scsi target2:0:1: Beginning Domain Validation
[    2.452846] scsi target2:0:1: Domain Validation skipping write tests
[    2.456261] scsi target2:0:1: Ending Domain Validation
[    2.458512] scsi target2:0:1: asynchronous
[    2.475616] sd 2:0:0:0: Attached scsi generic sg0 type 0
[    2.480973] sd 2:0:0:0: [sda] 20971520 512-byte logical blocks: (10.7 GB/10.0 GiB)
[    2.488161] sd 2:0:1:0: [sdb] 20480 512-byte logical blocks: (10.5 MB/10.0 MiB)
[    2.491727] sd 2:0:1:0: [sdb] Write Protect is off
[    2.493671] sd 2:0:1:0: Attached scsi generic sg1 type 0
[    2.495837] sd 2:0:1:0: [sdb] Incomplete mode parameter data
[    2.497844] sd 2:0:1:0: [sdb] Assuming drive cache: write through
[    2.500631] sd 2:0:0:0: [sda] Write Protect is off
[    2.502606] sd 2:0:0:0: [sda] Incomplete mode parameter data
[    2.504736] sd 2:0:0:0: [sda] Assuming drive cache: write through
[    2.509777] sd 2:0:1:0: [sdb] Attached SCSI disk
[    2.511441]  sda: sda1
[    2.514325] sd 2:0:0:0: [sda] Attached SCSI disk
[    2.901788] e1000 0000:00:08.0 eth1: (PCI:33MHz:32-bit) 08:00:27:eb:a3:2c
[    2.908568] e1000 0000:00:08.0 eth1: Intel(R) PRO/1000 Network Connection
[    2.916517] e1000 0000:00:08.0 enp0s8: renamed from eth1
[    2.935391] e1000 0000:00:03.0 enp0s3: renamed from eth0
Begin: Loading essential drivers ... [    4.408400] md: linear personality registered for level -1
[    4.415117] md: multipath personality registered for level -4
[    4.420844] md: raid0 personality registered for level 0
[    4.432181] md: raid1 personality registered for level 1
[    4.506762] raid6: sse2x1   gen()  8333 MB/s
[    4.575105] raid6: sse2x1   xor()  6102 MB/s
[    4.642689] raid6: sse2x2   gen() 10106 MB/s
[    4.710514] raid6: sse2x2   xor()  6686 MB/s
[    4.778713] raid6: sse2x4   gen() 11950 MB/s
[    4.846749] raid6: sse2x4   xor()  7319 MB/s
[    4.914729] raid6: avx2x1   gen() 14538 MB/s
[    4.982791] raid6: avx2x2   gen() 18763 MB/s
[    5.050699] raid6: avx2x4   gen() 21259 MB/s
[    5.052274] raid6: using algorithm avx2x4 gen() 21259 MB/s
[    5.053894] raid6: using avx2x2 recovery algorithm
[    5.057032] xor: automatically using best checksumming function:
[    5.103027]    avx       : 34804.000 MB/sec
[    5.105944] async_tx: api initialized (async)
[    5.120364] md: raid6 personality registered for level 6
[    5.122619] md: raid5 personality registered for level 5
[    5.124542] md: raid4 personality registered for level 4
[    5.134087] md: raid10 personality registered for level 10
done.
Begin: Running /scripts/init-premount ... done.
Begin: Mounting root file system ... Begin: Running /scripts/local-top ... done.
Begin: Running /scripts/local-premount ... [    5.173015] Btrfs loaded
Scanning for Btrfs filesystems
done.
Warning: fsck not present, so skipping root file system
[    5.232026] EXT4-fs (sda1): mounted filesystem with ordered data mode. Opts: (null)
done.
Begin: Running /scripts/local-bottom ... done.
Begin: Running /scripts/init-bottom ... done.
[    5.524177] systemd[1]: systemd 229 running in system mode. (+PAM +AUDIT +SELINUX +IMA +APPARMOR +SMACK +SYSVINIT +UTMP +LIBCRYPTSETUP +GCRYPT +GNUTLS +ACL +XZ -LZ4 +SECCOMP +BLKID +ELFUTILS +KMOD -IDN)
[    5.529403] systemd[1]: Detected virtualization oracle.
[    5.531013] systemd[1]: Detected architecture x86-64.

Welcome to [1mUbuntu 16.04.6 LTS[0m!

[    5.538484] systemd[1]: Set hostname to <ubuntu>.
[    5.546676] systemd[1]: Initializing machine ID from random generator.
[    5.548790] systemd[1]: Installed transient /etc/machine-id file.
[    5.963393] systemd[1]: Reached target System Time Synchronized.
[[0;32m  OK  [0m] Reached target System Time Synchronized.
[    5.967414] systemd[1]: Listening on LVM2 metadata daemon socket.
[[0;32m  OK  [0m] Listening on LVM2 metadata daemon socket.
[    5.971275] systemd[1]: Listening on /dev/initctl Compatibility Named Pipe.
[[0;32m  OK  [0m] Listening on /dev/initctl Compatibility Named Pipe.
[    5.974932] systemd[1]: Listening on LVM2 poll daemon socket.
[[0;32m  OK  [0m] Listening on LVM2 poll daemon socket.
[    5.978372] systemd[1]: Listening on Device-mapper event daemon FIFOs.
[[0;32m  OK  [0m] Listening on Device-mapper event daemon FIFOs.
[    5.982738] systemd[1]: Created slice System Slice.
[[0;32m  OK  [0m] Created slice System Slice.
[    5.986630] systemd[1]: Created slice system-serial\x2dgetty.slice.
[[0;32m  OK  [0m] Created slice system-serial\x2dgetty.slice.
[    5.990259] systemd[1]: Reached target User and Group Name Lookups.
[[0;32m  OK  [0m] Reached target User and Group Name Lookups.
[    5.994433] systemd[1]: Listening on udev Kernel Socket.
[[0;32m  OK  [0m] Listening on udev Kernel Socket.
[    5.997730] systemd[1]: Reached target Swap.
[[0;32m  OK  [0m] Reached target Swap.
[    6.000337] systemd[1]: Started Forward Password Requests to Wall Directory Watch.
[[0;32m  OK  [0m] Started Forward Password Requests to Wall Directory Watch.
[    6.005339] systemd[1]: Listening on Syslog Socket.
[[0;32m  OK  [0m] Listening on Syslog Socket.
[    6.009183] systemd[1]: Listening on Journal Audit Socket.
[[0;32m  OK  [0m] Listening on Journal Audit Socket.
[    6.013004] systemd[1]: Created slice User and Session Slice.
[[0;32m  OK  [0m] Created slice User and Session Slice.
[    6.016313] systemd[1]: Reached target Slices.
[[0;32m  OK  [0m] Reached target Slices.
[    6.019513] systemd[1]: Set up automount Arbitrary Executable File Formats File System Automount Point.
[[0;32m  OK  [0m] Set up automount Arbitrary Executab...ats File System Automount Point.
[    6.024775] systemd[1]: Listening on udev Control Socket.
[[0;32m  OK  [0m] Listening on udev Control Socket.
[    6.027943] systemd[1]: Listening on Journal Socket (/dev/log).
[[0;32m  OK  [0m] Listening on Journal Socket (/dev/log).
[    6.031770] systemd[1]: Listening on Journal Socket.
[[0;32m  OK  [0m] Listening on Journal Socket.
[    6.047290] systemd[1]: Starting Remount Root and Kernel File Systems...
         Starting Remount Root and Kernel File Systems...
[    6.054815] systemd[1]: Starting Create list of required static device nodes for the current kernel...
[    6.057904] EXT4-fs (sda1): re-mounted. Opts: (null)
         Starting Create list of required st... nodes for the current kernel...
[    6.063867] systemd[1]: Mounting POSIX Message Queue File System...
         Mounting POSIX Message Queue File System...
[    6.068710] systemd[1]: Mounting Debug File System...
         Mounting Debug File System...
[    6.072656] systemd[1]: Starting Monitoring of LVM2 mirrors, snapshots etc. using dmeventd or progress polling...
         Starting Monitoring of LVM2 mirrors... dmeventd or progress polling...
[    6.079729] systemd[1]: Starting Uncomplicated firewall...
         Starting Uncomplicated firewall...
[    6.084415] systemd[1]: Starting Nameserver information manager...
         Starting Nameserver information manager...
[    6.096516] systemd[1]: Mounting Huge Pages File System...
         Mounting Huge Pages File System...
[    6.101826] systemd[1]: Starting Set console keymap...
         Starting Set console keymap...
[    6.111810] systemd[1]: Starting Load Kernel Modules...
         Starting Load Kernel Modules...
[    6.121192] systemd[1]: Starting Journal Service...
         Starting Journal Service...
[    6.130843] systemd[1]: Reached target Encrypted Volumes.
[[0;32m  OK  [0m] Reached target Encrypted Volumes.
[    6.138912] systemd[1]: Started Trigger resolvconf update for networkd DNS.
[[0;32m  OK  [0m] Started Trigger resolvconf update for networkd DNS.
[    6.145410] systemd[1]: Mounted POSIX Message Queue File System.
[[0;32m  OK  [0m] Mounted POSIX Message Queue File System.
[    6.150352] systemd[1]: Mounted Debug File System.
[[0;32m  OK  [0m] Mounted Debug File System.
[    6.154460] systemd[1]: Mounted Huge Pages File System.
[[0;32m  OK  [0m] Mounted Huge Pages File System.
[    6.159480] systemd[1]: Started Remount Root and Kernel File Systems.
[[0;32m  OK  [0m] Started Remount Root and Kernel File Systems.
[    6.164513] Loading iSCSI transport class v2.0-870.
[    6.169376] systemd[1]: Started Create list of required static device nodes for the current kernel.
[[0;32m  OK  [0m] Started Create list of required sta...ce nodes for the current kernel.
[    6.176242] systemd[1]: Started Uncomplicated firewall.
[[0;32m  OK  [0m] Started Uncomplicated firewall.
[    6.190552] iscsi: registered transport (tcp)
[    6.193482] systemd[1]: Started Set console keymap.
[[0;32m  OK  [0m] Started Set console keymap.
[    6.198529] systemd[1]: Started Journal Service.
[[0;32m  OK  [0m] Started Journal Service.
[[0;32m  OK  [0m] Started Nameserver information manager.
[    6.238994] iscsi: registered transport (iser)
[[0;32m  OK  [0m] Started Load Kernel Modules.
         Mounting FUSE Control File System...
         Starting Apply Kernel Variables...
[[0;32m  OK  [0m] Started LVM2 metadata daemon.
         Starting Create Static Device Nodes in /dev...
         Starting Load/Save Random Seed...
         Starting Flush Journal to Persistent Storage...
         Starting udev Coldplug all Devices...
[[0;32m  OK  [0m] Mounted FUSE Control File System.
[[0;32m  OK  [0m] Started Apply Kernel Variables.
[[0;32m  OK  [0m] Started Load/Save Random Seed.
[[0;32m  OK  [0m] Started Create Static Device Nodes in /dev.
[[0;32m  OK  [0m] Started Flush Journal to Persistent Storage.
[[0;32m  OK  [0m] Started udev Coldplug all Devices.
         Starting udev Kernel Device Manager...
[[0;32m  OK  [0m] Started udev Kernel Device Manager.
[[0;32m  OK  [0m] Started Dispatch Password Requests to Console Directory Watch.
[[0;32m  OK  [0m] Found device /dev/ttyS0.
[[0;32m  OK  [0m] Listening on Load/Save RF Kill Switch Status /dev/rfkill Watch.
[[0;32m  OK  [0m] Started Monitoring of LVM2 mirrors,...ng dmeventd or progress polling.
[[0;32m  OK  [0m] Reached target Local File Systems (Pre).
[[0;32m  OK  [0m] Reached target Local File Systems.
         Starting Set console font and keymap...
         Starting Commit a transient machine-id on disk...
         Starting LSB: AppArmor initialization...
         Starting Create Volatile Files and Directories...
         Starting Initial cloud-init job (pre-networking)...
         Starting Tell Plymouth To Write Out Runtime Data...
[[0;32m  OK  [0m] Started Tell Plymouth To Write Out Runtime Data.
[[0;32m  OK  [0m] Started Create Volatile Files and Directories.
         Starting Update UTMP about System Boot/Shutdown...
[[0;32m  OK  [0m] Started Commit a transient machine-id on disk.
[[0;32m  OK  [0m] Started Update UTMP about System Boot/Shutdown.
[[0;32m  OK  [0m] Started LSB: AppArmor initialization.
[    7.974858] cloud-init[546]: Cloud-init v. 18.5-45-g3554ffe8-0ubuntu1~16.04.1 running 'init-local' at Wed, 15 May 2019 17:18:27 +0000. Up 7.52 seconds.
[[0;32m  OK  [0m] Started Initial cloud-init job (pre-networking).
[[0;32m  OK  [0m] Reached target Network (Pre).
         Starting Raise network interfaces...
[[0;32m  OK  [0m] Started Set console font and keymap.
[[0;32m  OK  [0m] Created slice system-getty.slice.
[[0;32m  OK  [0m] Started Raise network interfaces.
         Starting Initial cloud-init job (metadata service crawler)...
[[0;32m  OK  [0m] Reached target Network.
[    9.465878] cloud-init[958]: Cloud-init v. 18.5-45-g3554ffe8-0ubuntu1~16.04.1 running 'init' at Wed, 15 May 2019 17:18:28 +0000. Up 8.88 seconds.
[    9.470024] cloud-init[958]: ci-info: ++++++++++++++++++++++++++++++++++++++Net device info+++++++++++++++++++++++++++++++++++++++
[    9.473168] cloud-init[958]: ci-info: +--------+-------+----------------------------+---------------+--------+-------------------+
[    9.476878] cloud-init[958]: ci-info: | Device |   Up  |          Address           |      Mask     | Scope  |     Hw-Address    |
[    9.480686] cloud-init[958]: ci-info: +--------+-------+----------------------------+---------------+--------+-------------------+
[    9.484528] cloud-init[958]: ci-info: | enp0s3 |  True |         10.0.2.15          | 255.255.255.0 | global | 02:3a:f4:24:e2:72 |
[    9.493235] cloud-init[958]: ci-info: | enp0s3 |  True | fe80::3a:f4ff:fe24:e272/64 |       .       |  link  | 02:3a:f4:24:e2:72 |
[    9.497812] cloud-init[958]: ci-info: | enp0s8 | False |             .              |       .       |   .    | 08:00:27:eb:a3:2c |
[    9.502047] cloud-init[958]: ci-info: |   lo   |  True |         127.0.0.1          |   255.0.0.0   |  host  |         .         |
[    9.506728] cloud-init[958]: ci-info: |   lo   |  True |          ::1/128           |       .       |  host  |         .         |
[    9.510869] cloud-init[958]: ci-info: +--------+-------+----------------------------+---------------+--------+-------------------+
[    9.514378] cloud-init[958]: ci-info: +++++++++++++++++++++++++++Route IPv4 info++++++++++++++++++++++++++++
[    9.518963] cloud-init[958]: ci-info: +-------+-------------+----------+---------------+-----------+-------+
[    9.523595] cloud-init[958]: ci-info: | Route | Destination | Gateway  |    Genmask    | Interface | Flags |
[    9.528919] cloud-init[958]: ci-info: +-------+-------------+----------+---------------+-----------+-------+
[    9.533463] cloud-init[958]: ci-info: |   0   |   0.0.0.0   | 10.0.2.2 |    0.0.0.0    |   enp0s3  |   UG  |
[    9.540897] cloud-init[958]: ci-info: |   1   |   10.0.2.0  | 0.0.0.0  | 255.255.255.0 |   enp0s3  |   U   |
[    9.549136] cloud-init[958]: ci-info: +-------+-------------+----------+---------------+-----------+-------+
[    9.557423] cloud-init[958]: ci-info: +++++++++++++++++++Route IPv6 info+++++++++++++++++++
[    9.560506] cloud-init[958]: ci-info: +-------+-------------+---------+-----------+-------+
[    9.566021] cloud-init[958]: ci-info: | Route | Destination | Gateway | Interface | Flags |
[    9.571297] cloud-init[958]: ci-info: +-------+-------------+---------+-----------+-------+
[    9.575624] cloud-init[958]: ci-info: |   0   |  fe80::/64  |    ::   |   enp0s3  |   U   |
[    9.581446] cloud-init[958]: ci-info: |   3   |   ff00::/8  |    ::   |   enp0s3  |   U   |
[    9.585625] cloud-init[958]: ci-info: +-------+-------------+---------+-----------+-------+
[    9.590273] cloud-init[958]: Generating public/private rsa key pair.
[    9.593601] cloud-init[958]: Your identification has been saved in /etc/ssh/ssh_host_rsa_key.
[    9.598406] cloud-init[958]: Your public key has been saved in /etc/ssh/ssh_host_rsa_key.pub.
[    9.602286] cloud-init[958]: The key fingerprint is:
[    9.614731] cloud-init[958]: SHA256:+tfa3Z+9O4K+rTZTV2RMu3ob2KAYbXc5ljzDfSeTvHk root@ubuntu-xenial
[    9.621566] cloud-init[958]: The key's randomart image is:
[    9.625659] cloud-init[958]: +---[RSA 2048]----+
[    9.637204] cloud-init[958]: |               o.|
[    9.640630] cloud-init[958]: |                =|
[    9.645523] cloud-init[958]: |               + |
[    9.648689] cloud-init[958]: |          .  .o.*|
[    9.653979] cloud-init[958]: |        S. o o=%=|
[    9.657929] cloud-init[958]: |       .  + o.B**|
[    9.659796] cloud-init[958]: |      .  . ooo++E|
[    9.661376] cloud-init[958]: |       .  .*oo.+=|
[    9.669021] cloud-init[958]: |        ..+=*.o=O|
[    9.671657] cloud-init[958]: +----[SHA256]-----+
[    9.680969] cloud-init[958]: Generating public/private dsa key pair.
[[0;32m  OK  [0m] Started Initial cloud-init job (metadata service crawler).
[    9.681295] cloud-init[958]: Your identification has been saved in /etc/ssh/ssh_host_dsa_key.
[    9.686152] cloud-init[958]: Your public key has been saved in /etc/ssh/ssh_host_dsa_key.pub.
[[    9.687796] [0;32m  OK  [0mcloud-init] [958]: Reached target Cloud-config availability.The key fingerprint is:

[    9.689955] cloud-init[958]: SHA256:9DGJ/z4wM7ZBWkEIY+4kzD5Ks3duL4VUWMtLWdBWacI root@ubuntu-xenial
[    9.690210] [cloud-init[0;32m  OK  [0m[958]: ] The key's randomart image is:Reached target System Initialization.

[[0;32m  OK  [0m] Started Daily Cleanup of Temporary Directories.
[[0;32m  OK  [0m] Listening on ACPID Listen Socket.
[[0;32m  OK  [0m] Listening on D-Bus System Message Bus Socket.
[    9.690284] cloud-init[958]: +---[DSA 1024]----+
         Starting LXD - unix socket.
[[0;32m  OK  [0m] Listening on UUID daemon activation socket.
[[0;32m  OK  [0m] Started Daily apt download activities.
         Starting Socket activation for snappy daemon.
[    9.708343] cloud-init[958]: |      ++o*o...   |
[    9.715119] [cloud-init[0;32m  OK  [0m[958]: ] |   o o.oo=E.o    |Started Daily apt upgrade and clean activities.

[[0;32m  OK  [0m] Reached target Timers.
[    9.715739] cloud-init[958]: |    + o.B.++     |
[    9.719260] cloud-init[958]: |   . +.o +oo     |
[    9.729284] [cloud-init[0;32m  OK  [0m[958]: ] |  o o...S+o      |Started ACPI Events Check.

[[0;32m  OK  [0m] Reached target Paths.
[    9.732240] [cloud-init[0;32m  OK  [0m[958]: ] | . + .. o B.     |Reached target Network is Online.

[    9.744709] cloud-init[958]: |  o . .. . B.    |
[    9.745969] cloud-init[958]: |   . oo   ...    |
[    9.747480] cloud-init[958]: |     ..o.   ..   |
[    9.748815] cloud-init[958]: +----[SHA256]-----+
[    9.750187] cloud-init[958]: Generating public/private ecdsa key pair.
[    9.751805]          Starting iSCSI initiator daemon (iscsid)...
[[0;32m  OK  [0m] Listening on LXD - unix socket.
[[0;32m  OK  [0m] Listening on Socket activation for snappy daemon.
cloud-init[958]: Your identification has been saved in /etc/ssh/ssh_host_ecdsa_key.
[    9.758821] cloud-init[958]: Your public key has been saved in /etc/ssh/ssh_host_ecdsa_key.pub.
[    9.763467] cloud-init[958]: The key fingerprint is:
[    9.763693] cloud-init[958]: SHA256:yxxxWLTMVv6tTnPEKFm0+cWsYtvfigAp8E+elVyhV8s root@ubuntu-xenial
[    9.763750] cloud-init[958]: The key's randomart image is:
[[0;32m  OK  [0m[    9.767787] cloud-init[958]: +---[ECDSA 256]---+
[    9.767947] cloud-init[958]: |         .o o o  |
] Reached target Sockets.
[[    9.769407] cloud-init[958]: |         = = = * |
[    9.770958] cloud-init[958]: |    .   o B + E +|
[0;32m  OK  [0m] Reached target Basic System.
[    9.771546] cloud-init[958]: |     o   * + + *.|
[    9.782733] cloud-init[958]: |      o S + = + =|
[    9.784834] cloud-init[958]: |       B * . = o |
[    9.787525] cloud-init[958]: |        B . . = .|
[    9.789262] cloud-init[958]: |           . + +.|
[    9.797278] cloud-init[958]: |            . o.o|
[    9.808674] cloud-init[958]: +----[SHA256]-----+
[    9.809051] cloud-init[958]: Generating public/private ed25519 key pair.
[    9.810724] cloud-init[958]: Your identification has been saved in /etc/ssh/ssh_host_ed25519_key.
[    9.813229] cloud-init[958]: Your public key has been saved in /etc/ssh/ssh_host_ed25519_key.pub.
[    9.815735] cloud-init[958]: The key fingerprint is:
[    9.815788] cloud-init[958]: SHA256:Pb2QKMrpvOh0wKBEz3M/HCLJ40mX4b8yUmLhfc6JuKk root@ubuntu-xenial
[    9.815830] cloud-init[958]: The key's randomart image is:
[    9.815878] cloud-init[958]: +--[ED25519 256]--+
[    9.815918] cloud-init[958]: | .   .           |
[    9.815960] cloud-init[958]: |. + o o          |
[    9.816019] cloud-init[958]: |.. @ * .         |
[    9.816059] cloud-init[958]: |oo+ X = .o o     |
[    9.816099] cloud-init[958]: |. o* o.*S = .    |
[    9.816217] cloud-init[958]: |  .o+o=.+  o .   |
[    9.816262] cloud-init[958]: |  .o=+ =    .    |
[    9.816303] cloud-init[958]: | . =+ o          |
[    9.816354] cloud-init[958]: | E+o+.           |
[    9.816532] cloud-init[958]: +----[SHA256]-----+
         Starting Pollinate to seed the pseudo random number generator...
         Starting Virtualbox guest utils...
         Starting /etc/rc.local Compatibility...
         Starting LSB: Record successful boot for GRUB...
[[0;32m  OK  [0m] Started Regular background program processing daemon.
         Starting Login Service...
         Starting Snappy daemon...
         Starting LSB: MD monitoring daemon...
         Starting System Logging Service...
[[0;32m  OK  [0m] Started D-Bus System Message Bus.
[[0;32m  OK  [0m] Started FUSE filesystem for LXC.
         Starting Accounts Service...
[[0;32m  OK  [0m] Started ACPI event daemon.
         Starting LXD - container startup/shutdown...
[[0;32m  OK  [0m] Started Deferred execution scheduler.
[[0;32m  OK  [0m] Started Unattended Upgrades Shutdown.
[[0;32m  OK  [0m] Started System Logging Service.
[[0;32m  OK  [0m] Started /etc/rc.local Compatibility.
[[0;32m  OK  [0m] Started iSCSI initiator daemon (iscsid).
[[0;32m  OK  [0m] Started LSB: Record successful boot for GRUB.
[[0;32m  OK  [0m] Started LSB: MD monitoring daemon.
[[0;32m  OK  [0m] Started Login Service.
         Starting Authenticate and Authorize Users to Run Privileged Tasks...
         Starting Login to default iSCSI targets...
[[0;32m  OK  [0m] Started LXD - container startup/shutdown.
[[0;32m  OK  [0m] Started Authenticate and Authorize Users to Run Privileged Tasks.
[[0;32m  OK  [0m] Started Accounts Service.
[[0;32m  OK  [0m] Started Login to default iSCSI targets.
[[0;32m  OK  [0m] Started Snappy daemon.
         Starting Wait until snapd is fully seeded...
[[0;32m  OK  [0m] Reached target Remote File Systems (Pre).
[[0;32m  OK  [0m] Reached target Remote File Systems.
         Starting LSB: automatic crash report generation...
         Starting Permit User Sessions...
         Starting LSB: daemon to balance interrupts for SMP systems...
         Starting LSB: Set the CPU Frequency Scaling governor to "ondemand"...
[[0;32m  OK  [0m] Started Virtualbox guest utils.
[[0;32m  OK  [0m] Started Permit User Sessions.
         Starting Hold until boot process finishes up...
         Starting Terminate Plymouth Boot Screen...
[[0;32m  OK  [0m] Started LSB: daemon to balance interrupts for SMP systems.
[[0;32m  OK  [0m] Started LSB: Set the CPU Frequency Scaling governor to "ondemand".
[[0;32m  OK  [0m] Started Terminate Plymouth Boot Screen.
[[0;32m  OK  [0m] Started Hold until boot process finishes up.
[[0;32m  OK  [0m] Started Serial Getty on ttyS0.
[[0;32m  OK  [0m] Started Getty on tty1.
[[0;32m  OK  [0m] Reached target Login Prompts.
         Starting Set console scheme...
[[0;32m  OK  [0m] Started LSB: automatic crash report generation.
[[0;32m  OK  [0m] Started Set console scheme.
[[0;32m  OK  [0m] Started Pollinate to seed the pseudo random number generator.
         Starting OpenBSD Secure Shell server...
[[0;32m  OK  [0m] Started OpenBSD Secure Shell server.
[[0;32m  OK  [0m] Created slice User Slice of vagrant.
         Starting User Manager for UID 1000...
[[0;32m  OK  [0m] Started Session 1 of user vagrant.
[[0;32m  OK  [0m] Started User Manager for UID 1000.
         Stopping User Manager for UID 1000...
[[0;32m  OK  [0m] Stopped User Manager for UID 1000.
[[0;32m  OK  [0m] Removed slice User Slice of vagrant.
[[0;32m  OK  [0m] Started Wait until snapd is fully seeded.
         Starting Apply the settings specified in cloud-config...
[[0;32m  OK  [0m] Reached target Multi-User System.
[[0;32m  OK  [0m] Reached target Graphical Interface.
         Starting Update UTMP about System Runlevel Changes...
[[0;32m  OK  [0m] Started Update UTMP about System Runlevel Changes.
[[0;32m  OK  [0m] Created slice User Slice of vagrant.
         Starting User Manager for UID 1000...
[[0;32m  OK  [0m] Started Session 2 of user vagrant.
[[0;32m  OK  [0m] Started User Manager for UID 1000.
[   13.914190] cloud-init[1512]: Generating locales (this might take a while)...
[   15.041524] cloud-init[1512]:   en_US.UTF-8... done
[   15.044118] cloud-init[1512]: Generation complete.
[   15.707372] cloud-init[1512]: Cloud-init v. 18.5-45-g3554ffe8-0ubuntu1~16.04.1 running 'modules:config' at Wed, 15 May 2019 17:18:33 +0000. Up 13.81 seconds.

Ubuntu 16.04.6 LTS ubuntu-xenial ttyS0

ubuntu-xenial login: ci-info: no authorized ssh keys fingerprints found for user ubuntu.
<14>May 15 17:18:36 ec2: 
<14>May 15 17:18:36 ec2: #############################################################
<14>May 15 17:18:36 ec2: -----BEGIN SSH HOST KEY FINGERPRINTS-----
<14>May 15 17:18:36 ec2: 1024 SHA256:9DGJ/z4wM7ZBWkEIY+4kzD5Ks3duL4VUWMtLWdBWacI root@ubuntu-xenial (DSA)
<14>May 15 17:18:36 ec2: 256 SHA256:yxxxWLTMVv6tTnPEKFm0+cWsYtvfigAp8E+elVyhV8s root@ubuntu-xenial (ECDSA)
<14>May 15 17:18:36 ec2: 256 SHA256:Pb2QKMrpvOh0wKBEz3M/HCLJ40mX4b8yUmLhfc6JuKk root@ubuntu-xenial (ED25519)
<14>May 15 17:18:36 ec2: 2048 SHA256:+tfa3Z+9O4K+rTZTV2RMu3ob2KAYbXc5ljzDfSeTvHk root@ubuntu-xenial (RSA)
<14>May 15 17:18:36 ec2: -----END SSH HOST KEY FINGERPRINTS-----
<14>May 15 17:18:36 ec2: #############################################################
-----BEGIN SSH HOST KEY KEYS-----
ecdsa-sha2-nistp256 AAAAE2VjZHNhLXNoYTItbmlzdHAyNTYAAAAIbmlzdHAyNTYAAABBBFZe7U5dBDw9TH7ae5pnrTwXUZALL31I3fm2ABU/CqbW1He57hYCnm8int07yZei5vWh+iEGcmTYuZezITDxu4E= root@ubuntu-xenial
ssh-ed25519 AAAAC3NzaC1lZDI1NTE5AAAAIHJKJ2JurUSORKiQsJpNzkrWi06Yt4xyXp1S+s6A5ONT root@ubuntu-xenial
ssh-rsa AAAAB3NzaC1yc2EAAAADAQABAAABAQCefl64+G0dKa+vFPSxUFfi/goTdY15N7bgJRrkaSUYEQhbgLmAJ4omF06/NEoG9GiHUyuXuqFLLa16YrJPlZdPfJdP1WIJoAfVIiml+tmaSvN4jEbnmsanRRI6+y9pwerhpxoIXzlBOELTGEmw71v36cyCU6v6VdiqzLxk3WELydjBEagLv8spqVHZugTI45MHJxe74rD/1NHMKOcC11Y+Gghpx8J+WpR23ms9GLg6dt6SVVWcfrspHb0fs0DGDdO+N2ymZowkH5oqj5PSG9LZZUWh3uaTQ8QByfCTTUIjOjEJYogIZTI0sR2OfVrhvyVxLN0340nX7XMuwwyaff+V root@ubuntu-xenial
-----END SSH HOST KEY KEYS-----
[   16.610653] cloud-init[1801]: Cloud-init v. 18.5-45-g3554ffe8-0ubuntu1~16.04.1 running 'modules:final' at Wed, 15 May 2019 17:18:35 +0000. Up 16.37 seconds.
[   16.618598] cloud-init[1801]: ci-info: no authorized ssh keys fingerprints found for user ubuntu.
[   16.629452] cloud-init[1801]: Cloud-init v. 18.5-45-g3554ffe8-0ubuntu1~16.04.1 finished at Wed, 15 May 2019 17:18:36 +0000. Datasource DataSourceNoCloud [seed=/dev/sdb][dsmode=net].  Up 16.59 seconds
